[     115ms] [WARNING] [LightPath] VITE_SUPABASE_URL not set — using development fallback. Set it in .env for production. @ http://localhost:4002/src/utils/supabase/info.tsx:12
[     115ms] [WARNING] [LightPath] VITE_SUPABASE_ANON_KEY not set — using development fallback. Set it in .env for production. @ http://localhost:4002/src/utils/supabase/info.tsx:12
[     184ms] [ERROR] Failed to load resource: the server responded with a status of 404 (Not Found) @ http://localhost:4002/favicon.ico:0
[  709186ms] ReferenceError: AnalyticsConsent is not defined
    at App (http://localhost:4002/src/App.tsx?t=1773971688170:2118:43)
    at renderWithHooks (http://localhost:4002/node_modules/.vite/deps/chunk-WPQCFWW4.js?v=98958d3d:11596:26)
    at updateFunctionComponent (http://localhost:4002/node_modules/.vite/deps/chunk-WPQCFWW4.js?v=98958d3d:14630:28)
    at beginWork (http://localhost:4002/node_modules/.vite/deps/chunk-WPQCFWW4.js?v=98958d3d:15972:22)
    at HTMLUnknownElement.callCallback2 (http://localhost:4002/node_modules/.vite/deps/chunk-WPQCFWW4.js?v=98958d3d:3680:22)
    at Object.invokeGuardedCallbackDev (http://localhost:4002/node_modules/.vite/deps/chunk-WPQCFWW4.js?v=98958d3d:3705:24)
    at invokeGuardedCallback (http://localhost:4002/node_modules/.vite/deps/chunk-WPQCFWW4.js?v=98958d3d:3739:39)
    at beginWork$1 (http://localhost:4002/node_modules/.vite/deps/chunk-WPQCFWW4.js?v=98958d3d:19818:15)
    at performUnitOfWork (http://localhost:4002/node_modules/.vite/deps/chunk-WPQCFWW4.js?v=98958d3d:19251:20)
    at workLoopSync (http://localhost:4002/node_modules/.vite/deps/chunk-WPQCFWW4.js?v=98958d3d:19190:13)
[  709187ms] ReferenceError: AnalyticsConsent is not defined
    at App (http://localhost:4002/src/App.tsx?t=1773971688170:2118:43)
    at renderWithHooks (http://localhost:4002/node_modules/.vite/deps/chunk-WPQCFWW4.js?v=98958d3d:11596:26)
    at updateFunctionComponent (http://localhost:4002/node_modules/.vite/deps/chunk-WPQCFWW4.js?v=98958d3d:14630:28)
    at beginWork (http://localhost:4002/node_modules/.vite/deps/chunk-WPQCFWW4.js?v=98958d3d:15972:22)
    at HTMLUnknownElement.callCallback2 (http://localhost:4002/node_modules/.vite/deps/chunk-WPQCFWW4.js?v=98958d3d:3680:22)
    at Object.invokeGuardedCallbackDev (http://localhost:4002/node_modules/.vite/deps/chunk-WPQCFWW4.js?v=98958d3d:3705:24)
    at invokeGuardedCallback (http://localhost:4002/node_modules/.vite/deps/chunk-WPQCFWW4.js?v=98958d3d:3739:39)
    at beginWork$1 (http://localhost:4002/node_modules/.vite/deps/chunk-WPQCFWW4.js?v=98958d3d:19818:15)
    at performUnitOfWork (http://localhost:4002/node_modules/.vite/deps/chunk-WPQCFWW4.js?v=98958d3d:19251:20)
    at workLoopSync (http://localhost:4002/node_modules/.vite/deps/chunk-WPQCFWW4.js?v=98958d3d:19190:13)
[  709188ms] [ERROR] The above error occurred in the <App> component:

    at App (http://localhost:4002/src/App.tsx?t=1773971688170:263:22)
    at Router (http://localhost:4002/node_modules/.vite/deps/react-router-dom.js?v=98958d3d:7091:13)
    at BrowserRouter (http://localhost:4002/node_modules/.vite/deps/react-router-dom.js?v=98958d3d:10287:3)

Consider adding an error boundary to your tree to customize error handling behavior.
Visit https://reactjs.org/link/error-boundaries to learn more about error boundaries. @ http://localhost:4002/node_modules/.vite/deps/chunk-WPQCFWW4.js?v=98958d3d:14079
[  709188ms] ReferenceError: AnalyticsConsent is not defined
    at App (http://localhost:4002/src/App.tsx?t=1773971688170:2118:43)
    at renderWithHooks (http://localhost:4002/node_modules/.vite/deps/chunk-WPQCFWW4.js?v=98958d3d:11596:26)
    at updateFunctionComponent (http://localhost:4002/node_modules/.vite/deps/chunk-WPQCFWW4.js?v=98958d3d:14630:28)
    at beginWork (http://localhost:4002/node_modules/.vite/deps/chunk-WPQCFWW4.js?v=98958d3d:15972:22)
    at beginWork$1 (http://localhost:4002/node_modules/.vite/deps/chunk-WPQCFWW4.js?v=98958d3d:19806:22)
    at performUnitOfWork (http://localhost:4002/node_modules/.vite/deps/chunk-WPQCFWW4.js?v=98958d3d:19251:20)
    at workLoopSync (http://localhost:4002/node_modules/.vite/deps/chunk-WPQCFWW4.js?v=98958d3d:19190:13)
    at renderRootSync (http://localhost:4002/node_modules/.vite/deps/chunk-WPQCFWW4.js?v=98958d3d:19169:15)
    at recoverFromConcurrentError (http://localhost:4002/node_modules/.vite/deps/chunk-WPQCFWW4.js?v=98958d3d:18786:28)
    at performSyncWorkOnRoot (http://localhost:4002/node_modules/.vite/deps/chunk-WPQCFWW4.js?v=98958d3d:18932:28)
